[debug] [2025-09-21T08:43:49.427Z] ----------------------------------------------------------------------
[debug] [2025-09-21T08:43:49.429Z] Command:       C:\Users\dimit\nodejs\node.exe C:\Users\dimit\AppData\Roaming\npm\node_modules\firebase-tools\lib\bin\firebase.js init
[debug] [2025-09-21T08:43:49.430Z] CLI Version:   14.11.2
[debug] [2025-09-21T08:43:49.430Z] Platform:      win32
[debug] [2025-09-21T08:43:49.430Z] Node Version:  v20.19.5
[debug] [2025-09-21T08:43:49.430Z] Time:          Sun Sep 21 2025 09:43:49 GMT+0100 (British Summer Time)
[debug] [2025-09-21T08:43:49.430Z] ----------------------------------------------------------------------
[debug] 
[debug] [2025-09-21T08:43:49.431Z] >>> [apiv2][query] GET https://firebase-public.firebaseio.com/cli.json [none]
[debug] [2025-09-21T08:43:49.464Z] > command requires scopes: ["email","openid","https://www.googleapis.com/auth/cloudplatformprojects.readonly","https://www.googleapis.com/auth/firebase","https://www.googleapis.com/auth/cloud-platform"]
[debug] [2025-09-21T08:43:49.465Z] > authorizing via signed-in user (dimitar.dutchev@gmail.com)
[info] 
     ######## #### ########  ######## ########     ###     ######  ########
     ##        ##  ##     ## ##       ##     ##  ##   ##  ##       ##
     ######    ##  ########  ######   ########  #########  ######  ######
     ##        ##  ##    ##  ##       ##     ## ##     ##       ## ##
     ##       #### ##     ## ######## ########  ##     ##  ######  ########

You're about to initialize a Firebase project in this directory:

  C:\Users\dimit\Desktop\cursor-sai\moodtrack

[debug] [2025-09-21T08:43:49.783Z] <<< [apiv2][status] GET https://firebase-public.firebaseio.com/cli.json 200
[debug] [2025-09-21T08:43:49.783Z] <<< [apiv2][body] GET https://firebase-public.firebaseio.com/cli.json {"cloudBuildErrorAfter":1594252800000,"cloudBuildWarnAfter":1590019200000,"defaultNode10After":1594252800000,"minVersion":"3.0.5","node8DeploysDisabledAfter":1613390400000,"node8RuntimeDisabledAfter":1615809600000,"node8WarnAfter":1600128000000}
[debug] [2025-09-21T08:49:47.264Z] ExitPromptError: User force closed the prompt with SIGINT
    at Interface.sigint (C:\Users\dimit\AppData\Roaming\npm\node_modules\firebase-tools\node_modules\@inquirer\core\dist\commonjs\lib\create-prompt.js:101:37)
    at Interface.emit (node:events:524:28)
    at Interface.emit (node:domain:489:12)
    at [_ttyWrite] [as _ttyWrite] (node:internal/readline/interface:1128:18)
    at ReadStream.onkeypress (node:internal/readline/interface:267:20)
    at ReadStream.emit (node:events:536:35)
    at ReadStream.emit (node:domain:489:12)
    at emitKeys (node:internal/readline/utils:371:14)
    at emitKeys.next (<anonymous>)
    at ReadStream.onData (node:internal/readline/emitKeypressEvents:64:36)
[error] 
[error] Error: An unexpected error has occurred.
